TPOSE SEQ NOF2 test.data 0.100000 1 1 1 F1stats = [ 5 0 0 0.000022 ] 0.000118 0.000120 0.000505
SPADE test.tpose 0.100000 1 5 0.000288 0 0 0 0 0 1 1 100 2 : 5 4 1 0 : 0.000905 0.000053 0.000329 0.001762
TPOSE SEQ NOF2 test.data 0.100000 1 1 1 F1stats = [ 3 0 0 0.000019 ] 0.000094 0.000157 0.000486
SPADE test.tpose 0.100000 1 4 0.000057 0 0 0 0 0 1 1 100 2 : 3 3 1 0 : 0.000059 0.000044 0.000097 0.000359
TPOSE SEQ NOF2 test.data 0.100000 4 1 1 F1stats = [ 8 0 0 0.000030 ] 0.000119 0.000485 0.000851
SPADE test.tpose 0.100000 1 32 0.000144 0 0 0 0 0 1 1 100 2 : 8 14 8 1 0 : 0.000098 0.000105 0.000261 0.000630
SPADE test.tpose 0.100000 1 32 0.000126 0 0 0 0 0 1 1 100 3 : 8 14 8 1 0 : 0.000076 0.000092 0.000242 0.000560
SPADE test.tpose 0.100000 1 32 0.000145 0 0 0 0 0 1 1 100 2 : 8 14 8 1 0 : 0.000093 0.000109 0.000261 0.000629
TPOSE SEQ NOF2 test.data 0.400000 4 2 1 F1stats = [ 4 0 0 0.000022 ] 0.000098 0.000154 0.000482
SPADE test.tpose 0.400000 2 4 0.000061 0 0 0 0 0 1 1 100 2 : 4 3 1 0 : 0.000065 0.000066 0.000103 0.000399
TPOSE SEQ NOF2 test.data 0.100000 4 1 1 F1stats = [ 8 0 0 0.000030 ] 0.000139 0.000159 0.000542
SPADE test.tpose 0.100000 1 5628 0.000382 0 0 0 0 0 -1 1 100 100 : 8 57 191 444 743 897 784 494 220 66 12 1 0 : 0.000074 0.000105 0.026708 0.027035
TPOSE SEQ NOF2 test.data 0.100000 4 1 1 F1stats = [ 8 0 0 0.000029 ] 0.000134 0.000152 0.000538
SPADE test.tpose 0.100000 1 32 0.000147 0 0 0 0 0 1 1 100 2 : 8 14 8 1 0 : 0.000095 0.000110 0.000265 0.000639
SPADE test.tpose 0.100000 1 32 0.000276 0 0 0 0 0 1 1 100 3 : 8 14 8 1 0 : 0.000154 0.000168 0.000500 0.001069
SPADE test.tpose 0.100000 1 32 0.000147 0 0 0 0 0 1 1 100 4 : 8 14 8 1 0 : 0.000096 0.000109 0.000266 0.000639
SPADE test.tpose 0.100000 1 32 0.000145 0 0 0 0 0 2 1 100 4 : 8 14 8 1 0 : 0.000083 0.000118 0.000263 0.000627
SPADE test.tpose 0.100000 1 32 0.000129 0 0 0 0 0 3 1 100 4 : 8 14 8 1 0 : 0.000084 0.000112 0.000239 0.000600
SPADE test.tpose 0.100000 1 423 0.000449 0 0 0 0 0 -1 1 100 2 : 8 57 113 107 56 16 2 0 : 0.000088 0.000131 0.003060 0.003432
SPADE test.tpose 0.100000 1 32 0.000147 0 0 0 0 0 1 1 100 1 : 8 14 8 1 0 : 0.000075 0.000068 0.000274 0.000553
SPADE test.tpose 0.100000 1 32 0.000139 0 0 0 0 0 1 1 100 2 : 8 14 8 1 0 : 0.000074 0.000091 0.000240 0.000554
TPOSE SEQ NOF2 test.data 0.100000 4 1 1 F1stats = [ 8 0 0 0.000030 ] 0.000134 0.000161 0.000592
SPADE test.tpose 0.100000 1 32 0.000140 0 0 0 0 0 1 1 100 2 : 8 14 8 1 0 : 0.000084 0.000088 0.000267 0.000590
TPOSE SEQ NOF2 test.data 0.100000 1 1 1 F1stats = [ 8 0 0 0.000030 ] 0.000133 0.000158 0.000537
SPADE test.tpose 0.100000 1 32 0.000137 0 0 0 0 0 1 1 100 2 : 8 14 8 1 0 : 0.000081 0.000092 0.000264 0.000589
TPOSE SEQ NOF2 test.data 0.100000 6 1 1 F1stats = [ 8 0 0 0.000031 ] 0.000081 0.000156 0.000489
SPADE test.tpose 0.100000 1 84 0.000201 0 0 0 0 0 1 1 100 2 : 8 28 0 : 0.000073 0.000090 0.000271 0.000585
TPOSE SEQ NOF2 test.data 0.100000 5 1 1 F1stats = [ 6 0 0 0.000025 ] 0.000110 0.000154 0.000492
SPADE test.tpose 0.100000 1 8 0.000084 0 0 0 0 0 1 1 100 2 : 6 6 2 0 : 0.000085 0.000066 0.000135 0.000450
SPADE test.tpose 0.100000 1 8 0.000090 0 0 0 0 0 2 1 100 2 : 6 6 2 0 : 0.000083 0.000091 0.000152 0.000493
SPADE test.tpose 0.100000 1 57 0.000163 0 0 0 0 0 -1 1 100 2 : 6 15 20 15 6 1 0 : 0.000087 0.000086 0.000622 0.000947
TPOSE SEQ NOF2 test.data 0.100000 1 1 1 F1stats = [ 6 0 0 0.000026 ] 0.000122 0.000189 0.000547
SPADE test.tpose 0.100000 1 198 0.000380 0 0 0 0 0 -1 1 100 2 : 6 42 74 60 24 4 0 : 0.000078 0.000090 0.002121 0.002445
SPADE test.tpose 0.100000 1 2648 0.000306 0 0 0 0 0 -1 1 100 3 : 6 42 290 708 888 652 288 72 8 0 : 0.000095 0.000075 0.022087 0.022412
SPADE test.tpose 0.100000 1 198 0.000343 0 0 0 0 0 -1 1 100 2 : 6 42 74 60 24 4 0 : 0.000073 0.000104 0.001895 0.002225
SPADE test.tpose 0.100000 1 8 0.000086 0 0 0 0 0 1 1 100 2 : 6 6 2 0 : 0.000072 0.000089 0.000143 0.000469
SPADE test.tpose 0.100000 1 8 0.000082 0 0 0 0 0 2 1 100 2 : 6 6 2 0 : 0.000084 0.000078 0.000138 0.000524
SPADE test.tpose 0.100000 1 8 0.000083 0 0 0 0 0 3 1 100 2 : 6 6 2 0 : 0.000075 0.000089 0.000139 0.000468
SPADE test.tpose 0.100000 1 8 0.000083 0 0 0 0 0 4 1 100 2 : 6 6 2 0 : 0.000072 0.000089 0.000140 0.000468
SPADE test.tpose 0.100000 1 198 0.000341 0 0 0 0 0 100 1 100 2 : 6 42 74 60 24 4 0 : 0.000075 0.000088 0.001658 0.001985
SPADE test.tpose 0.100000 1 198 0.000334 0 0 0 0 0 10 1 100 2 : 6 42 74 60 24 4 0 : 0.000071 0.000089 0.001637 0.001977
SPADE test.tpose 0.100000 1 106 0.000222 0 0 0 0 0 8 1 100 2 : 6 24 38 30 12 2 0 : 0.000071 0.000084 0.000914 0.001240
SPADE test.tpose 0.100000 1 106 0.000253 0 0 0 0 0 6 1 100 2 : 6 24 38 30 12 2 0 : 0.000078 0.000082 0.001027 0.001360
SPADE test.tpose 0.100000 1 106 0.000227 0 0 0 0 0 5 1 100 2 : 6 24 38 30 12 2 0 : 0.000072 0.000082 0.000915 0.001273
SPADE test.tpose 0.100000 1 8 0.000083 0 0 0 0 0 4 1 100 2 : 6 6 2 0 : 0.000073 0.000083 0.000139 0.000528
SPADE test.tpose 0.100000 1 106 0.000193 0 0 0 0 0 5 1 100 2 : 6 24 38 30 12 2 0 : 0.000063 0.000071 0.000807 0.001091
SPADE test.tpose 0.100000 1 106 0.000310 0 0 0 0 0 5 5 100 2 : 6 24 38 30 12 2 0 : 0.000106 0.000084 0.001398 0.001792
SPADE test.tpose 0.100000 1 8 0.000090 0 0 0 0 0 4 4 100 2 : 6 6 2 0 : 0.000094 0.000074 0.000151 0.000487
SPADE test.tpose 0.100000 1 8 0.000083 0 0 0 0 0 6 6 100 2 : 6 6 2 0 : 0.000072 0.000091 0.000137 0.000466
SPADE test.tpose 0.100000 1 106 0.000220 0 0 0 0 0 6 5 100 2 : 6 24 38 30 12 2 0 : 0.000068 0.000073 0.000908 0.001203
TPOSE SEQ NOF2 test.data 0.100000 7 1 1 F1stats = [ 16 0 0 0.000056 ] 0.000088 0.005830 0.006243
TPOSE SEQ NOF2 test.data 0.100000 7 1 1 F1stats = [ 16 0 0 0.000048 ] 0.000176 0.000160 0.000607
TPOSE SEQ NOF2 test.data 0.100000 1 1 1 F1stats = [ 6 0 0 0.000025 ] 0.000174 0.000191 0.000595
SPADE test.tpose 0.100000 1 106 0.000226 0 0 0 0 0 5 5 100 2 : 6 24 38 30 12 2 0 : 0.000076 0.000095 0.000919 0.001256
TPOSE SEQ NOF2 test.data 0.100000 3 1 1 F1stats = [ 13 0 0 0.000042 ] 0.000108 0.000155 0.000527
TPOSE SEQ NOF2 test.data 0.100000 1 1 1 F1stats = [ 7 0 0 0.000028 ] 0.000130 0.000178 0.000559
SPADE test.tpose 0.100000 1 190 0.000238 0 0 0 0 0 5 5 100 2 : 7 30 53 50 27 8 1 0 : 0.000072 0.000092 0.001230 0.001563
TPOSE SEQ NOF2 test.data 0.100000 1 1 1 F1stats = [ 8 0 0 0.000029 ] 0.000195 0.000152 0.000590
SPADE test.tpose 0.100000 1 472 0.000356 0 0 0 0 0 5 5 100 2 : 8 44 104 138 112 56 16 2 0 : 0.000087 0.000109 0.003772 0.004147
SPADE test.tpose 0.100000 1 22 0.000144 0 0 0 0 0 4 4 100 2 : 8 12 8 2 0 : 0.000091 0.000125 0.000281 0.000666
SPADE test.tpose 0.100000 1 22 0.000115 0 0 0 0 0 6 6 100 2 : 8 12 8 2 0 : 0.000096 0.000088 0.000221 0.000576
SPADE test.tpose 0.100000 1 910 0.000515 0 0 0 0 0 -1 6 100 2 : 8 76 200 274 224 112 32 4 0 : 0.000087 0.000137 0.007463 0.007840
SPADE test.tpose 0.100000 1 460 0.000342 0 0 0 0 0 10 6 100 2 : 8 44 104 138 112 56 16 2 0 : 0.000084 0.000122 0.003775 0.004150
SPADE test.tpose 0.100000 1 22 0.000129 0 0 0 0 0 9 6 100 2 : 8 12 8 2 0 : 0.000088 0.000113 0.000255 0.000627
SPADE test.tpose 0.100000 1 460 0.000340 0 0 0 0 0 10 6 100 2 : 8 44 104 138 112 56 16 2 0 : 0.000085 0.000125 0.003734 0.004114
TPOSE SEQ NOF2 test.data 0.100000 1 1 1 F1stats = [ 4 0 0 0.000025 ] 0.000097 0.000161 0.000537
SPADE test.tpose 0.100000 1 20 0.000117 0 0 0 0 0 5 5 100 2 : 4 10 8 2 0 : 0.000074 0.000061 0.000239 0.000540
TPOSE SEQ NOF2 test.data 0.100000 1 1 1 F1stats = [ 44 0 0 0.000098 ] 0.000306 0.000145 0.000801
SPADE test.tpose 0.100000 1 450359 0.004235 0 0 0 0 0 1 1 100 2 : 44 819 4750 15066 31751 48363 55361 48327 32133 16037 5826 1456 224 16 0 : 0.000307 0.001419 2.751300 2.753236
TPOSE SEQ NOF2 test.data 0.100000 1 1 1 F1stats = [ 80 0 0 0.000182 ] 0.000604 0.000138 0.001245
SPADE test.tpose 0.100000 1 4785876 0.012923 0 0 0 0 0 1 1 100 2 : 80 2208 17359 73303 202715 402542 602670 698134 632954 449519 247938 104206 32271 6945 928 58 0 : 0.000447 0.004336 75.623685 75.628696
TPOSE SEQ NOF2 test.data 0.100000 1 1 1 F1stats = [ 50 0 0 0.000202 ] 0.000556 0.000194 0.001398
SPADE test.tpose 0.100000 1 2425995 0.006959 0 0 0 0 0 1 1 100 2 : 50 1272 9657 39767 107920 211292 312918 359337 323423 228276 125258 52426 16185 3476 464 29 0 : 0.000236 0.001683 26.261148 26.263231
TPOSE SEQ NOF2 test.data 0.100000 1 1 1 F1stats = [ 15 0 0 0.000051 ] 0.000193 0.000154 0.000618
SPADE test.tpose 0.100000 1 81417 0.001277 0 0 0 0 0 1 1 100 2 : 15 217 1146 3385 6855 10668 13502 14102 12034 8238 4434 1832 561 120 16 1 0 : 0.000121 0.000297 0.742379 0.742960
SPADE test.tpose 0.100000 1 81417 0.001288 0 0 0 0 0 1 1 100 2 : 15 217 1146 3385 6855 10668 13502 14102 12034 8238 4434 1832 561 120 16 1 0 : 0.000137 0.000344 0.749326 0.750002
TPOSE SEQ NOF2 test.data 0.100000 1 1 1 F1stats = [ 87 0 0 0.000247 ] 0.000610 0.000156 0.001449
SPADE test.tpose 0.100000 1 4399721 0.011389 0 0 0 0 0 1 1 100 2 : 87 2213 16865 69547 188193 365942 536840 609969 543250 379738 206625 85887 26375 5644 752 47 0 : 0.000549 0.004319 49.262051 49.267157
TPOSE SEQ NOF2 test.data 0.100000 1 1 1 F1stats = [ 76 0 0 0.000278 ] 0.000670 0.000263 0.001670
SPADE test.tpose 0.100000 1 3207165 0.009191 0 0 0 0 0 1 1 100 2 : 76 1804 13384 54239 144953 279297 406939 459975 408037 284366 154389 64075 19657 4204 560 35 0 : 0.000418 0.002658 32.814796 32.818075
TPOSE SEQ NOF2 test.data 0.100000 1 1 1 F1stats = [ 159 0 0 0.000376 ] 0.000975 0.000155 0.002103
TPOSE SEQ NOF2 test.data 0.100000 1 1 1 F1stats = [ 119 0 0 0.000285 ] 0.000724 0.000123 0.001593
TPOSE SEQ NOF2 test.data 0.100000 1 1 1 F1stats = [ 71 0 0 0.000165 ] 0.000437 0.000094 0.001042
TPOSE SEQ NOF2 test.data 0.100000 1 1 1 F1stats = [ 64 0 0 0.000156 ] 0.000416 0.000168 0.001046
SPADE test.tpose 0.100000 1 2911046 0.007934 0 0 0 0 0 1 1 100 2 : 64 1473 11214 47243 131533 263218 396082 459411 415603 293772 161057 67267 20716 4440 592 37 0 : 0.000257 0.001743 30.341726 30.343889
TPOSE SEQ NOF2 test.data 0.100000 1 1 1 F1stats = [ 66 0 0 0.000157 ] 0.000503 0.000127 0.001159
SPADE test.tpose 0.100000 1 2088872 0.006348 0 0 0 0 0 1 1 100 2 : 66 1321 9347 37299 99532 192745 282956 322312 287819 201592 109821 45673 14028 3002 400 25 0 : 0.000324 0.001808 19.853673 19.855989
TPOSE SEQ NOF2 test.data 0.100000 1 1 1 F1stats = [ 19 0 0 0.000049 ] 0.000157 0.000164 0.000629
SPADE test.tpose 0.100000 1 210937 0.001537 0 0 0 0 0 1 1 100 2 : 19 265 1574 5617 13859 25390 35876 39847 35025 24309 13182 5473 1681 360 48 3 0 : 0.000188 0.000456 1.573405 1.574270
TPOSE SEQ NOF2 test.data 0.100000 1 1 1 F1stats = [ 93 0 0 0.000193 ] 0.000537 0.000091 0.001217
SPADE test.tpose 0.100000 1 3834097 0.011841 0 0 0 0 0 1 1 100 2 : 93 2063 15309 63062 172214 339268 504448 580061 521621 367253 200835 83753 25771 5521 736 46 0 : 0.000539 0.007223 49.819075 49.827179
TPOSE SEQ NOF2 test.data 0.100000 1 1 1 F1stats = [ 23 0 0 0.000066 ] 0.000308 0.000102 0.000739
SPADE test.tpose 0.100000 1 405342 0.001747 0 0 0 0 0 1 1 100 2 : 23 366 2224 7758 18177 30973 40152 40640 32542 20681 10368 4032 1178 244 32 2 0 : 0.000164 0.000425 1.552281 1.553044
TPOSE SEQ NOF2 test.data 0.100000 1 1 1 F1stats = [ 25 0 0 0.000067 ] 0.000191 0.000134 0.000666
SPADE test.tpose 0.100000 1 567252 0.001459 0 0 0 0 0 1 1 100 2 : 25 317 1747 5929 14210 25654 36012 39894 35035 24310 13182 5473 1681 360 48 3 0 : 0.000164 0.000436 1.398301 1.399101
TPOSE SEQ NOF2 test.data 0.100000 1 1 1 F1stats = [ 25 0 0 0.000065 ] 0.000212 0.000120 0.000678
SPADE test.tpose 0.100000 1 567236 0.001541 0 0 0 0 0 1 1 100 2 : 25 315 1740 5920 14205 25653 36012 39894 35035 24310 13182 5473 1681 360 48 3 0 : 0.000165 0.000443 1.396059 1.396864
TPOSE SEQ NOF2 test.data 0.100000 1 1 1 F1stats = [ 51 0 0 0.000168 ] 0.000453 0.000161 0.001169
SPADE test.tpose 0.100000 1 2799939 0.004404 0 0 0 0 0 1 1 100 2 : 51 939 6374 24654 63957 120655 173012 193097 169474 116994 62977 25942 7911 1685 224 14 0 : 0.000341 0.001412 8.927996 8.929994
TPOSE SEQ NOF2 test.data 0.100000 1 1 1 F1stats = [ 69 0 0 0.000164 ] 0.000565 0.000135 0.001236
SPADE test.tpose 0.100000 1 4532273 0.006365 0 0 0 0 0 1 1 100 2 : 69 1354 9467 37420 98906 189767 276324 312708 277900 194010 105483 43828 13459 2881 384 24 0 : 0.000378 0.002340 16.745943 16.748885
